# JRE version: OpenJDK Runtime Environment (11.0.10) (build 11.0.10+0-b96-7249189)
# Java VM: OpenJDK 64-Bit Server VM (11.0.10+0-b96-7249189, mixed mode, tiered, compressed oops, g1 gc, windows-amd64)
Heap:
 garbage-first heap   total 262144K, used 151378K [0x00000000e0000000, 0x0000000100000000)
  region size 1024K, 72 young (73728K), 1 survivors (1024K)
 Metaspace       used 49805K, capacity 52644K, committed 52816K, reserved 1095680K
  class space    used 4933K, capacity 6310K, committed 6400K, reserved 1048576K
GC Heap History (20 events):
Event: 9.582 GC heap before
{Heap before GC invocations=18 (full 0):
 garbage-first heap   total 262144K, used 220410K [0x00000000e0000000, 0x0000000100000000)
  region size 1024K, 144 young (147456K), 6 survivors (6144K)
 Metaspace       used 47576K, capacity 50424K, committed 50768K, reserved 1093632K
  class space    used 4655K, capacity 6020K, committed 6144K, reserved 1048576K
}
Event: 9.590 GC heap after
{Heap after GC invocations=19 (full 0):
 garbage-first heap   total 262144K, used 79097K [0x00000000e0000000, 0x0000000100000000)
  region size 1024K, 6 young (6144K), 6 survivors (6144K)
 Metaspace       used 47576K, capacity 50424K, committed 50768K, reserved 1093632K
  class space    used 4655K, capacity 6020K, committed 6144K, reserved 1048576K
}
Event: 9.865 GC heap before
{Heap before GC invocations=19 (full 0):
 garbage-first heap   total 262144K, used 222457K [0x00000000e0000000, 0x0000000100000000)
  region size 1024K, 146 young (149504K), 6 survivors (6144K)
 Metaspace       used 47576K, capacity 50424K, committed 50768K, reserved 1093632K
  class space    used 4655K, capacity 6020K, committed 6144K, reserved 1048576K
}
Event: 9.874 GC heap after
{Heap after GC invocations=20 (full 0):
 garbage-first heap   total 262144K, used 79608K [0x00000000e0000000, 0x0000000100000000)
  region size 1024K, 6 young (6144K), 6 survivors (6144K)
 Metaspace       used 47576K, capacity 50424K, committed 50768K, reserved 1093632K
  class space    used 4655K, capacity 6020K, committed 6144K, reserved 1048576K
}
Event: 10.160 GC heap before
{Heap before GC invocations=20 (full 0):
 garbage-first heap   total 262144K, used 225016K [0x00000000e0000000, 0x0000000100000000)
  region size 1024K, 148 young (151552K), 6 survivors (6144K)
 Metaspace       used 47576K, capacity 50424K, committed 50768K, reserved 1093632K
  class space    used 4655K, capacity 6020K, committed 6144K, reserved 1048576K
}
Event: 10.169 GC heap after
{Heap after GC invocations=21 (full 0):
 garbage-first heap   total 262144K, used 79346K [0x00000000e0000000, 0x0000000100000000)
  region size 1024K, 6 young (6144K), 6 survivors (6144K)
 Metaspace       used 47576K, capacity 50424K, committed 50768K, reserved 1093632K
  class space    used 4655K, capacity 6020K, committed 6144K, reserved 1048576K
}
Event: 10.424 GC heap before
{Heap before GC invocations=21 (full 0):
 garbage-first heap   total 262144K, used 226802K [0x00000000e0000000, 0x0000000100000000)
  region size 1024K, 150 young (153600K), 6 survivors (6144K)
 Metaspace       used 47576K, capacity 50424K, committed 50768K, reserved 1093632K
  class space    used 4655K, capacity 6020K, committed 6144K, reserved 1048576K
}
Event: 10.433 GC heap after
{Heap after GC invocations=22 (full 0):
 garbage-first heap   total 262144K, used 79593K [0x00000000e0000000, 0x0000000100000000)
  region size 1024K, 6 young (6144K), 6 survivors (6144K)
 Metaspace       used 47576K, capacity 50424K, committed 50768K, reserved 1093632K
  class space    used 4655K, capacity 6020K, committed 6144K, reserved 1048576K
}
Event: 10.687 GC heap before
{Heap before GC invocations=22 (full 0):
 garbage-first heap   total 262144K, used 228073K [0x00000000e0000000, 0x0000000100000000)
  region size 1024K, 151 young (154624K), 6 survivors (6144K)
 Metaspace       used 47576K, capacity 50424K, committed 50768K, reserved 1093632K
  class space    used 4655K, capacity 6020K, committed 6144K, reserved 1048576K
}
Event: 10.697 GC heap after
{Heap after GC invocations=23 (full 0):
 garbage-first heap   total 262144K, used 79348K [0x00000000e0000000, 0x0000000100000000)
  region size 1024K, 6 young (6144K), 6 survivors (6144K)
 Metaspace       used 47576K, capacity 50424K, committed 50768K, reserved 1093632K
  class space    used 4655K, capacity 6020K, committed 6144K, reserved 1048576K
}
Event: 10.948 GC heap before
{Heap before GC invocations=23 (full 0):
 garbage-first heap   total 262144K, used 227828K [0x00000000e0000000, 0x0000000100000000)
  region size 1024K, 151 young (154624K), 6 survivors (6144K)
 Metaspace       used 47576K, capacity 50424K, committed 50768K, reserved 1093632K
  class space    used 4655K, capacity 6020K, committed 6144K, reserved 1048576K
}
Event: 10.956 GC heap after
{Heap after GC invocations=24 (full 0):
 garbage-first heap   total 262144K, used 79357K [0x00000000e0000000, 0x0000000100000000)
  region size 1024K, 6 young (6144K), 6 survivors (6144K)
 Metaspace       used 47576K, capacity 50424K, committed 50768K, reserved 1093632K
  class space    used 4655K, capacity 6020K, committed 6144K, reserved 1048576K
}
Event: 11.209 GC heap before
{Heap before GC invocations=24 (full 0):
 garbage-first heap   total 262144K, used 228861K [0x00000000e0000000, 0x0000000100000000)
  region size 1024K, 152 young (155648K), 6 survivors (6144K)
 Metaspace       used 47576K, capacity 50424K, committed 50768K, reserved 1093632K
  class space    used 4655K, capacity 6020K, committed 6144K, reserved 1048576K
}
Event: 11.218 GC heap after
{Heap after GC invocations=25 (full 0):
 garbage-first heap   total 262144K, used 79354K [0x00000000e0000000, 0x0000000100000000)
  region size 1024K, 6 young (6144K), 6 survivors (6144K)
 Metaspace       used 47576K, capacity 50424K, committed 50768K, reserved 1093632K
  class space    used 4655K, capacity 6020K, committed 6144K, reserved 1048576K
}
Event: 11.486 GC heap before
{Heap before GC invocations=25 (full 0):
 garbage-first heap   total 262144K, used 228858K [0x00000000e0000000, 0x0000000100000000)
  region size 1024K, 152 young (155648K), 6 survivors (6144K)
 Metaspace       used 47576K, capacity 50424K, committed 50768K, reserved 1093632K
  class space    used 4655K, capacity 6020K, committed 6144K, reserved 1048576K
}
Event: 11.494 GC heap after
{Heap after GC invocations=26 (full 0):
 garbage-first heap   total 262144K, used 79661K [0x00000000e0000000, 0x0000000100000000)
  region size 1024K, 1 young (1024K), 1 survivors (1024K)
 Metaspace       used 47576K, capacity 50424K, committed 50768K, reserved 1093632K
  class space    used 4655K, capacity 6020K, committed 6144K, reserved 1048576K
}
Event: 11.737 GC heap before
{Heap before GC invocations=26 (full 0):
 garbage-first heap   total 262144K, used 230189K [0x00000000e0000000, 0x0000000100000000)
  region size 1024K, 148 young (151552K), 1 survivors (1024K)
 Metaspace       used 47576K, capacity 50424K, committed 50768K, reserved 1093632K
  class space    used 4655K, capacity 6020K, committed 6144K, reserved 1048576K
}
Event: 11.738 GC heap after
{Heap after GC invocations=27 (full 0):
 garbage-first heap   total 262144K, used 79583K [0x00000000e0000000, 0x0000000100000000)
  region size 1024K, 1 young (1024K), 1 survivors (1024K)
 Metaspace       used 47576K, capacity 50424K, committed 50768K, reserved 1093632K
  class space    used 4655K, capacity 6020K, committed 6144K, reserved 1048576K
}
Event: 11.984 GC heap before
{Heap before GC invocations=27 (full 0):
 garbage-first heap   total 262144K, used 230111K [0x00000000e0000000, 0x0000000100000000)
  region size 1024K, 148 young (151552K), 1 survivors (1024K)
 Metaspace       used 47576K, capacity 50424K, committed 50768K, reserved 1093632K
  class space    used 4655K, capacity 6020K, committed 6144K, reserved 1048576K
}
Event: 11.985 GC heap after
{Heap after GC invocations=28 (full 0):
 garbage-first heap   total 262144K, used 79698K [0x00000000e0000000, 0x0000000100000000)
  region size 1024K, 1 young (1024K), 1 survivors (1024K)
 Metaspace       used 47576K, capacity 50424K, committed 50768K, reserved 1093632K
  class space    used 4655K, capacity 6020K, committed 6144K, reserved 1048576K
}

